  Termproject.cpp
C:\Users\USER\source\repos\TermProject\TermProject\Termproject.cpp(1,1): warning C4828: 파일에 0x6c1 오프셋에서 시작하는 문자가 포함되어 있습니다. 이 문자는 현재 원본 문자 집합에서 잘못된 문자입니다(코드 페이지 65001).
C:\Users\USER\source\repos\TermProject\TermProject\Termproject.cpp(1,1): warning C4828: 파일에 0x6c3 오프셋에서 시작하는 문자가 포함되어 있습니다. 이 문자는 현재 원본 문자 집합에서 잘못된 문자입니다(코드 페이지 65001).
C:\Users\USER\source\repos\TermProject\TermProject\Termproject.cpp(1,1): warning C4828: 파일에 0x6c4 오프셋에서 시작하는 문자가 포함되어 있습니다. 이 문자는 현재 원본 문자 집합에서 잘못된 문자입니다(코드 페이지 65001).
C:\Users\USER\source\repos\TermProject\TermProject\Termproject.cpp(1,1): warning C4828: 파일에 0x6c7 오프셋에서 시작하는 문자가 포함되어 있습니다. 이 문자는 현재 원본 문자 집합에서 잘못된 문자입니다(코드 페이지 65001).
C:\Users\USER\source\repos\TermProject\TermProject\Termproject.cpp(1,1): warning C4828: 파일에 0x6ca 오프셋에서 시작하는 문자가 포함되어 있습니다. 이 문자는 현재 원본 문자 집합에서 잘못된 문자입니다(코드 페이지 65001).
C:\Users\USER\source\repos\TermProject\TermProject\Termproject.cpp(1,1): warning C4828: 파일에 0x6cb 오프셋에서 시작하는 문자가 포함되어 있습니다. 이 문자는 현재 원본 문자 집합에서 잘못된 문자입니다(코드 페이지 65001).
C:\Users\USER\source\repos\TermProject\TermProject\Termproject.cpp(1,1): warning C4828: 파일에 0x6cf 오프셋에서 시작하는 문자가 포함되어 있습니다. 이 문자는 현재 원본 문자 집합에서 잘못된 문자입니다(코드 페이지 65001).
C:\Users\USER\source\repos\TermProject\TermProject\Termproject.cpp(1,1): warning C4828: 파일에 0x6d0 오프셋에서 시작하는 문자가 포함되어 있습니다. 이 문자는 현재 원본 문자 집합에서 잘못된 문자입니다(코드 페이지 65001).
C:\Users\USER\source\repos\TermProject\TermProject\Termproject.cpp(1,1): warning C4828: 파일에 0x6d2 오프셋에서 시작하는 문자가 포함되어 있습니다. 이 문자는 현재 원본 문자 집합에서 잘못된 문자입니다(코드 페이지 65001).
C:\Users\USER\source\repos\TermProject\TermProject\Termproject.cpp(1,1): warning C4828: 파일에 0x6d3 오프셋에서 시작하는 문자가 포함되어 있습니다. 이 문자는 현재 원본 문자 집합에서 잘못된 문자입니다(코드 페이지 65001).
C:\Users\USER\source\repos\TermProject\TermProject\Termproject.cpp(1,1): warning C4828: 파일에 0x6d4 오프셋에서 시작하는 문자가 포함되어 있습니다. 이 문자는 현재 원본 문자 집합에서 잘못된 문자입니다(코드 페이지 65001).
C:\Users\USER\source\repos\TermProject\TermProject\Termproject.cpp(1,1): warning C4828: 파일에 0x6d8 오프셋에서 시작하는 문자가 포함되어 있습니다. 이 문자는 현재 원본 문자 집합에서 잘못된 문자입니다(코드 페이지 65001).
C:\Users\USER\source\repos\TermProject\TermProject\Termproject.cpp(1,1): warning C4828: 파일에 0x6d9 오프셋에서 시작하는 문자가 포함되어 있습니다. 이 문자는 현재 원본 문자 집합에서 잘못된 문자입니다(코드 페이지 65001).
C:\Users\USER\source\repos\TermProject\TermProject\Termproject.cpp(1,1): warning C4828: 파일에 0x6da 오프셋에서 시작하는 문자가 포함되어 있습니다. 이 문자는 현재 원본 문자 집합에서 잘못된 문자입니다(코드 페이지 65001).
C:\Users\USER\source\repos\TermProject\TermProject\Termproject.cpp(1,1): warning C4828: 파일에 0x6db 오프셋에서 시작하는 문자가 포함되어 있습니다. 이 문자는 현재 원본 문자 집합에서 잘못된 문자입니다(코드 페이지 65001).
C:\Users\USER\source\repos\TermProject\TermProject\Termproject.cpp(1,1): warning C4828: 파일에 0x6dd 오프셋에서 시작하는 문자가 포함되어 있습니다. 이 문자는 현재 원본 문자 집합에서 잘못된 문자입니다(코드 페이지 65001).
C:\Users\USER\source\repos\TermProject\TermProject\Termproject.cpp(1,1): warning C4828: 파일에 0x6de 오프셋에서 시작하는 문자가 포함되어 있습니다. 이 문자는 현재 원본 문자 집합에서 잘못된 문자입니다(코드 페이지 65001).
C:\Users\USER\source\repos\TermProject\TermProject\Termproject.cpp(1,1): warning C4828: 파일에 0x6df 오프셋에서 시작하는 문자가 포함되어 있습니다. 이 문자는 현재 원본 문자 집합에서 잘못된 문자입니다(코드 페이지 65001).
C:\Users\USER\source\repos\TermProject\TermProject\Termproject.cpp(1,1): warning C4828: 파일에 0x6e1 오프셋에서 시작하는 문자가 포함되어 있습니다. 이 문자는 현재 원본 문자 집합에서 잘못된 문자입니다(코드 페이지 65001).
C:\Users\USER\source\repos\TermProject\TermProject\Termproject.cpp(1,1): warning C4828: 파일에 0x6e3 오프셋에서 시작하는 문자가 포함되어 있습니다. 이 문자는 현재 원본 문자 집합에서 잘못된 문자입니다(코드 페이지 65001).
C:\Users\USER\source\repos\TermProject\TermProject\Termproject.cpp(1,1): warning C4828: 파일에 0x6e4 오프셋에서 시작하는 문자가 포함되어 있습니다. 이 문자는 현재 원본 문자 집합에서 잘못된 문자입니다(코드 페이지 65001).
C:\Users\USER\source\repos\TermProject\TermProject\Termproject.cpp(1,1): warning C4828: 파일에 0x7b8 오프셋에서 시작하는 문자가 포함되어 있습니다. 이 문자는 현재 원본 문자 집합에서 잘못된 문자입니다(코드 페이지 65001).
C:\Users\USER\source\repos\TermProject\TermProject\Termproject.cpp(1,1): warning C4828: 파일에 0x7ba 오프셋에서 시작하는 문자가 포함되어 있습니다. 이 문자는 현재 원본 문자 집합에서 잘못된 문자입니다(코드 페이지 65001).
C:\Users\USER\source\repos\TermProject\TermProject\Termproject.cpp(1,1): warning C4828: 파일에 0x7bb 오프셋에서 시작하는 문자가 포함되어 있습니다. 이 문자는 현재 원본 문자 집합에서 잘못된 문자입니다(코드 페이지 65001).
C:\Users\USER\source\repos\TermProject\TermProject\Termproject.cpp(1,1): warning C4828: 파일에 0x7bd 오프셋에서 시작하는 문자가 포함되어 있습니다. 이 문자는 현재 원본 문자 집합에서 잘못된 문자입니다(코드 페이지 65001).
C:\Users\USER\source\repos\TermProject\TermProject\Termproject.cpp(1,1): warning C4828: 파일에 0x7c1 오프셋에서 시작하는 문자가 포함되어 있습니다. 이 문자는 현재 원본 문자 집합에서 잘못된 문자입니다(코드 페이지 65001).
C:\Users\USER\source\repos\TermProject\TermProject\Termproject.cpp(1,1): warning C4828: 파일에 0x7c2 오프셋에서 시작하는 문자가 포함되어 있습니다. 이 문자는 현재 원본 문자 집합에서 잘못된 문자입니다(코드 페이지 65001).
C:\Users\USER\source\repos\TermProject\TermProject\Termproject.cpp(1,1): warning C4828: 파일에 0x7c3 오프셋에서 시작하는 문자가 포함되어 있습니다. 이 문자는 현재 원본 문자 집합에서 잘못된 문자입니다(코드 페이지 65001).
C:\Users\USER\source\repos\TermProject\TermProject\Termproject.cpp(1,1): warning C4828: 파일에 0x7c5 오프셋에서 시작하는 문자가 포함되어 있습니다. 이 문자는 현재 원본 문자 집합에서 잘못된 문자입니다(코드 페이지 65001).
C:\Users\USER\source\repos\TermProject\TermProject\Termproject.cpp(1,1): warning C4828: 파일에 0x7c6 오프셋에서 시작하는 문자가 포함되어 있습니다. 이 문자는 현재 원본 문자 집합에서 잘못된 문자입니다(코드 페이지 65001).
C:\Users\USER\source\repos\TermProject\TermProject\Termproject.cpp(1,1): warning C4828: 파일에 0x7c8 오프셋에서 시작하는 문자가 포함되어 있습니다. 이 문자는 현재 원본 문자 집합에서 잘못된 문자입니다(코드 페이지 65001).
C:\Users\USER\source\repos\TermProject\TermProject\Termproject.cpp(1,1): warning C4828: 파일에 0x7c9 오프셋에서 시작하는 문자가 포함되어 있습니다. 이 문자는 현재 원본 문자 집합에서 잘못된 문자입니다(코드 페이지 65001).
C:\Users\USER\source\repos\TermProject\TermProject\Termproject.cpp(1,1): warning C4828: 파일에 0x7ca 오프셋에서 시작하는 문자가 포함되어 있습니다. 이 문자는 현재 원본 문자 집합에서 잘못된 문자입니다(코드 페이지 65001).
C:\Users\USER\source\repos\TermProject\TermProject\Termproject.cpp(1,1): warning C4828: 파일에 0x7ce 오프셋에서 시작하는 문자가 포함되어 있습니다. 이 문자는 현재 원본 문자 집합에서 잘못된 문자입니다(코드 페이지 65001).
C:\Users\USER\source\repos\TermProject\TermProject\Termproject.cpp(1,1): warning C4828: 파일에 0x7cf 오프셋에서 시작하는 문자가 포함되어 있습니다. 이 문자는 현재 원본 문자 집합에서 잘못된 문자입니다(코드 페이지 65001).
C:\Users\USER\source\repos\TermProject\TermProject\Termproject.cpp(1,1): warning C4828: 파일에 0x7d0 오프셋에서 시작하는 문자가 포함되어 있습니다. 이 문자는 현재 원본 문자 집합에서 잘못된 문자입니다(코드 페이지 65001).
C:\Users\USER\source\repos\TermProject\TermProject\Termproject.cpp(1,1): warning C4828: 파일에 0x7d1 오프셋에서 시작하는 문자가 포함되어 있습니다. 이 문자는 현재 원본 문자 집합에서 잘못된 문자입니다(코드 페이지 65001).
C:\Users\USER\source\repos\TermProject\TermProject\Termproject.cpp(1,1): warning C4828: 파일에 0x7d3 오프셋에서 시작하는 문자가 포함되어 있습니다. 이 문자는 현재 원본 문자 집합에서 잘못된 문자입니다(코드 페이지 65001).
C:\Users\USER\source\repos\TermProject\TermProject\Termproject.cpp(1,1): warning C4828: 파일에 0x7d4 오프셋에서 시작하는 문자가 포함되어 있습니다. 이 문자는 현재 원본 문자 집합에서 잘못된 문자입니다(코드 페이지 65001).
C:\Users\USER\source\repos\TermProject\TermProject\Termproject.cpp(1,1): warning C4828: 파일에 0x7d5 오프셋에서 시작하는 문자가 포함되어 있습니다. 이 문자는 현재 원본 문자 집합에서 잘못된 문자입니다(코드 페이지 65001).
C:\Users\USER\source\repos\TermProject\TermProject\Termproject.cpp(1,1): warning C4828: 파일에 0x7d7 오프셋에서 시작하는 문자가 포함되어 있습니다. 이 문자는 현재 원본 문자 집합에서 잘못된 문자입니다(코드 페이지 65001).
C:\Users\USER\source\repos\TermProject\TermProject\Termproject.cpp(1,1): warning C4828: 파일에 0x7d9 오프셋에서 시작하는 문자가 포함되어 있습니다. 이 문자는 현재 원본 문자 집합에서 잘못된 문자입니다(코드 페이지 65001).
C:\Users\USER\source\repos\TermProject\TermProject\Termproject.cpp(1,1): warning C4828: 파일에 0x7da 오프셋에서 시작하는 문자가 포함되어 있습니다. 이 문자는 현재 원본 문자 집합에서 잘못된 문자입니다(코드 페이지 65001).
C:\Users\USER\source\repos\TermProject\TermProject\Termproject.cpp(1,1): warning C4828: 파일에 0x93d 오프셋에서 시작하는 문자가 포함되어 있습니다. 이 문자는 현재 원본 문자 집합에서 잘못된 문자입니다(코드 페이지 65001).
C:\Users\USER\source\repos\TermProject\TermProject\Termproject.cpp(1,1): warning C4828: 파일에 0x93f 오프셋에서 시작하는 문자가 포함되어 있습니다. 이 문자는 현재 원본 문자 집합에서 잘못된 문자입니다(코드 페이지 65001).
C:\Users\USER\source\repos\TermProject\TermProject\Termproject.cpp(1,1): warning C4828: 파일에 0x940 오프셋에서 시작하는 문자가 포함되어 있습니다. 이 문자는 현재 원본 문자 집합에서 잘못된 문자입니다(코드 페이지 65001).
C:\Users\USER\source\repos\TermProject\TermProject\Termproject.cpp(1,1): warning C4828: 파일에 0x942 오프셋에서 시작하는 문자가 포함되어 있습니다. 이 문자는 현재 원본 문자 집합에서 잘못된 문자입니다(코드 페이지 65001).
C:\Users\USER\source\repos\TermProject\TermProject\Termproject.cpp(1,1): warning C4828: 파일에 0x948 오프셋에서 시작하는 문자가 포함되어 있습니다. 이 문자는 현재 원본 문자 집합에서 잘못된 문자입니다(코드 페이지 65001).
C:\Users\USER\source\repos\TermProject\TermProject\Termproject.cpp(1,1): warning C4828: 파일에 0x949 오프셋에서 시작하는 문자가 포함되어 있습니다. 이 문자는 현재 원본 문자 집합에서 잘못된 문자입니다(코드 페이지 65001).
C:\Users\USER\source\repos\TermProject\TermProject\Termproject.cpp(1,1): warning C4828: 파일에 0x94b 오프셋에서 시작하는 문자가 포함되어 있습니다. 이 문자는 현재 원본 문자 집합에서 잘못된 문자입니다(코드 페이지 65001).
C:\Users\USER\source\repos\TermProject\TermProject\Termproject.cpp(1,1): warning C4828: 파일에 0x94e 오프셋에서 시작하는 문자가 포함되어 있습니다. 이 문자는 현재 원본 문자 집합에서 잘못된 문자입니다(코드 페이지 65001).
C:\Users\USER\source\repos\TermProject\TermProject\Termproject.cpp(1,1): warning C4828: 파일에 0x950 오프셋에서 시작하는 문자가 포함되어 있습니다. 이 문자는 현재 원본 문자 집합에서 잘못된 문자입니다(코드 페이지 65001).
C:\Users\USER\source\repos\TermProject\TermProject\Termproject.cpp(1,1): warning C4828: 파일에 0x953 오프셋에서 시작하는 문자가 포함되어 있습니다. 이 문자는 현재 원본 문자 집합에서 잘못된 문자입니다(코드 페이지 65001).
C:\Users\USER\source\repos\TermProject\TermProject\Termproject.cpp(1,1): warning C4828: 파일에 0x955 오프셋에서 시작하는 문자가 포함되어 있습니다. 이 문자는 현재 원본 문자 집합에서 잘못된 문자입니다(코드 페이지 65001).
C:\Users\USER\source\repos\TermProject\TermProject\Termproject.cpp(1,1): warning C4828: 파일에 0x956 오프셋에서 시작하는 문자가 포함되어 있습니다. 이 문자는 현재 원본 문자 집합에서 잘못된 문자입니다(코드 페이지 65001).
C:\Users\USER\source\repos\TermProject\TermProject\Termproject.cpp(1,1): warning C4828: 파일에 0x957 오프셋에서 시작하는 문자가 포함되어 있습니다. 이 문자는 현재 원본 문자 집합에서 잘못된 문자입니다(코드 페이지 65001).
C:\Users\USER\source\repos\TermProject\TermProject\Termproject.cpp(1,1): warning C4828: 파일에 0xb3c 오프셋에서 시작하는 문자가 포함되어 있습니다. 이 문자는 현재 원본 문자 집합에서 잘못된 문자입니다(코드 페이지 65001).
C:\Users\USER\source\repos\TermProject\TermProject\Termproject.cpp(1,1): warning C4828: 파일에 0xb3d 오프셋에서 시작하는 문자가 포함되어 있습니다. 이 문자는 현재 원본 문자 집합에서 잘못된 문자입니다(코드 페이지 65001).
C:\Users\USER\source\repos\TermProject\TermProject\Termproject.cpp(1,1): warning C4828: 파일에 0xb3e 오프셋에서 시작하는 문자가 포함되어 있습니다. 이 문자는 현재 원본 문자 집합에서 잘못된 문자입니다(코드 페이지 65001).
C:\Users\USER\source\repos\TermProject\TermProject\Termproject.cpp(1,1): warning C4828: 파일에 0xb3f 오프셋에서 시작하는 문자가 포함되어 있습니다. 이 문자는 현재 원본 문자 집합에서 잘못된 문자입니다(코드 페이지 65001).
C:\Users\USER\source\repos\TermProject\TermProject\Termproject.cpp(1,1): warning C4828: 파일에 0xb42 오프셋에서 시작하는 문자가 포함되어 있습니다. 이 문자는 현재 원본 문자 집합에서 잘못된 문자입니다(코드 페이지 65001).
C:\Users\USER\source\repos\TermProject\TermProject\Termproject.cpp(1,1): warning C4828: 파일에 0xb46 오프셋에서 시작하는 문자가 포함되어 있습니다. 이 문자는 현재 원본 문자 집합에서 잘못된 문자입니다(코드 페이지 65001).
C:\Users\USER\source\repos\TermProject\TermProject\Termproject.cpp(1,1): warning C4828: 파일에 0xb4c 오프셋에서 시작하는 문자가 포함되어 있습니다. 이 문자는 현재 원본 문자 집합에서 잘못된 문자입니다(코드 페이지 65001).
C:\Users\USER\source\repos\TermProject\TermProject\Termproject.cpp(1,1): warning C4828: 파일에 0xb4d 오프셋에서 시작하는 문자가 포함되어 있습니다. 이 문자는 현재 원본 문자 집합에서 잘못된 문자입니다(코드 페이지 65001).
C:\Users\USER\source\repos\TermProject\TermProject\Termproject.cpp(1,1): warning C4828: 파일에 0xb4f 오프셋에서 시작하는 문자가 포함되어 있습니다. 이 문자는 현재 원본 문자 집합에서 잘못된 문자입니다(코드 페이지 65001).
C:\Users\USER\source\repos\TermProject\TermProject\Termproject.cpp(1,1): warning C4828: 파일에 0xb51 오프셋에서 시작하는 문자가 포함되어 있습니다. 이 문자는 현재 원본 문자 집합에서 잘못된 문자입니다(코드 페이지 65001).
C:\Users\USER\source\repos\TermProject\TermProject\Termproject.cpp(1,1): warning C4828: 파일에 0xb55 오프셋에서 시작하는 문자가 포함되어 있습니다. 이 문자는 현재 원본 문자 집합에서 잘못된 문자입니다(코드 페이지 65001).
C:\Users\USER\source\repos\TermProject\TermProject\Termproject.cpp(1,1): warning C4828: 파일에 0xb5a 오프셋에서 시작하는 문자가 포함되어 있습니다. 이 문자는 현재 원본 문자 집합에서 잘못된 문자입니다(코드 페이지 65001).
C:\Users\USER\source\repos\TermProject\TermProject\Termproject.cpp(1,1): warning C4828: 파일에 0xb5d 오프셋에서 시작하는 문자가 포함되어 있습니다. 이 문자는 현재 원본 문자 집합에서 잘못된 문자입니다(코드 페이지 65001).
C:\Users\USER\source\repos\TermProject\TermProject\Termproject.cpp(1,1): warning C4828: 파일에 0xc17 오프셋에서 시작하는 문자가 포함되어 있습니다. 이 문자는 현재 원본 문자 집합에서 잘못된 문자입니다(코드 페이지 65001).
C:\Users\USER\source\repos\TermProject\TermProject\Termproject.cpp(1,1): warning C4828: 파일에 0xc19 오프셋에서 시작하는 문자가 포함되어 있습니다. 이 문자는 현재 원본 문자 집합에서 잘못된 문자입니다(코드 페이지 65001).
C:\Users\USER\source\repos\TermProject\TermProject\Termproject.cpp(1,1): warning C4828: 파일에 0xc1a 오프셋에서 시작하는 문자가 포함되어 있습니다. 이 문자는 현재 원본 문자 집합에서 잘못된 문자입니다(코드 페이지 65001).
C:\Users\USER\source\repos\TermProject\TermProject\Termproject.cpp(1,1): warning C4828: 파일에 0xc1c 오프셋에서 시작하는 문자가 포함되어 있습니다. 이 문자는 현재 원본 문자 집합에서 잘못된 문자입니다(코드 페이지 65001).
C:\Users\USER\source\repos\TermProject\TermProject\Termproject.cpp(1,1): warning C4828: 파일에 0xc20 오프셋에서 시작하는 문자가 포함되어 있습니다. 이 문자는 현재 원본 문자 집합에서 잘못된 문자입니다(코드 페이지 65001).
C:\Users\USER\source\repos\TermProject\TermProject\Termproject.cpp(1,1): warning C4828: 파일에 0xc23 오프셋에서 시작하는 문자가 포함되어 있습니다. 이 문자는 현재 원본 문자 집합에서 잘못된 문자입니다(코드 페이지 65001).
C:\Users\USER\source\repos\TermProject\TermProject\Termproject.cpp(1,1): warning C4828: 파일에 0xc25 오프셋에서 시작하는 문자가 포함되어 있습니다. 이 문자는 현재 원본 문자 집합에서 잘못된 문자입니다(코드 페이지 65001).
C:\Users\USER\source\repos\TermProject\TermProject\Termproject.cpp(1,1): warning C4828: 파일에 0xc26 오프셋에서 시작하는 문자가 포함되어 있습니다. 이 문자는 현재 원본 문자 집합에서 잘못된 문자입니다(코드 페이지 65001).
C:\Users\USER\source\repos\TermProject\TermProject\Termproject.cpp(1,1): warning C4828: 파일에 0xc29 오프셋에서 시작하는 문자가 포함되어 있습니다. 이 문자는 현재 원본 문자 집합에서 잘못된 문자입니다(코드 페이지 65001).
C:\Users\USER\source\repos\TermProject\TermProject\Termproject.cpp(1,1): warning C4828: 파일에 0xc2a 오프셋에서 시작하는 문자가 포함되어 있습니다. 이 문자는 현재 원본 문자 집합에서 잘못된 문자입니다(코드 페이지 65001).
C:\Users\USER\source\repos\TermProject\TermProject\Termproject.cpp(1,1): warning C4828: 파일에 0xc2c 오프셋에서 시작하는 문자가 포함되어 있습니다. 이 문자는 현재 원본 문자 집합에서 잘못된 문자입니다(코드 페이지 65001).
C:\Users\USER\source\repos\TermProject\TermProject\Termproject.cpp(1,1): warning C4828: 파일에 0xc2f 오프셋에서 시작하는 문자가 포함되어 있습니다. 이 문자는 현재 원본 문자 집합에서 잘못된 문자입니다(코드 페이지 65001).
C:\Users\USER\source\repos\TermProject\TermProject\Termproject.cpp(1,1): warning C4828: 파일에 0xc31 오프셋에서 시작하는 문자가 포함되어 있습니다. 이 문자는 현재 원본 문자 집합에서 잘못된 문자입니다(코드 페이지 65001).
C:\Users\USER\source\repos\TermProject\TermProject\Termproject.cpp(1,1): warning C4828: 파일에 0xc32 오프셋에서 시작하는 문자가 포함되어 있습니다. 이 문자는 현재 원본 문자 집합에서 잘못된 문자입니다(코드 페이지 65001).
C:\Users\USER\source\repos\TermProject\TermProject\Termproject.cpp(1,1): warning C4828: 파일에 0xc33 오프셋에서 시작하는 문자가 포함되어 있습니다. 이 문자는 현재 원본 문자 집합에서 잘못된 문자입니다(코드 페이지 65001).
C:\Users\USER\source\repos\TermProject\TermProject\Termproject.cpp(1,1): warning C4828: 파일에 0xf42 오프셋에서 시작하는 문자가 포함되어 있습니다. 이 문자는 현재 원본 문자 집합에서 잘못된 문자입니다(코드 페이지 65001).
C:\Users\USER\source\repos\TermProject\TermProject\Termproject.cpp(1,1): warning C4828: 파일에 0xf43 오프셋에서 시작하는 문자가 포함되어 있습니다. 이 문자는 현재 원본 문자 집합에서 잘못된 문자입니다(코드 페이지 65001).
C:\Users\USER\source\repos\TermProject\TermProject\Termproject.cpp(1,1): warning C4828: 파일에 0xf44 오프셋에서 시작하는 문자가 포함되어 있습니다. 이 문자는 현재 원본 문자 집합에서 잘못된 문자입니다(코드 페이지 65001).
C:\Users\USER\source\repos\TermProject\TermProject\Termproject.cpp(1,1): warning C4828: 파일에 0xf45 오프셋에서 시작하는 문자가 포함되어 있습니다. 이 문자는 현재 원본 문자 집합에서 잘못된 문자입니다(코드 페이지 65001).
C:\Users\USER\source\repos\TermProject\TermProject\Termproject.cpp(1,1): warning C4828: 파일에 0xf47 오프셋에서 시작하는 문자가 포함되어 있습니다. 이 문자는 현재 원본 문자 집합에서 잘못된 문자입니다(코드 페이지 65001).
C:\Users\USER\source\repos\TermProject\TermProject\Termproject.cpp(1,1): warning C4828: 파일에 0xf49 오프셋에서 시작하는 문자가 포함되어 있습니다. 이 문자는 현재 원본 문자 집합에서 잘못된 문자입니다(코드 페이지 65001).
C:\Users\USER\source\repos\TermProject\TermProject\Termproject.cpp(1,1): warning C4828: 파일에 0xf4c 오프셋에서 시작하는 문자가 포함되어 있습니다. 이 문자는 현재 원본 문자 집합에서 잘못된 문자입니다(코드 페이지 65001).
C:\Users\USER\source\repos\TermProject\TermProject\Termproject.cpp(1,1): warning C4828: 파일에 0xf98 오프셋에서 시작하는 문자가 포함되어 있습니다. 이 문자는 현재 원본 문자 집합에서 잘못된 문자입니다(코드 페이지 65001).
C:\Users\USER\source\repos\TermProject\TermProject\Termproject.cpp(1,1): warning C4828: 파일에 0xf99 오프셋에서 시작하는 문자가 포함되어 있습니다. 이 문자는 현재 원본 문자 집합에서 잘못된 문자입니다(코드 페이지 65001).
C:\Users\USER\source\repos\TermProject\TermProject\Termproject.cpp(1,1): warning C4828: 파일에 0xf9d 오프셋에서 시작하는 문자가 포함되어 있습니다. 이 문자는 현재 원본 문자 집합에서 잘못된 문자입니다(코드 페이지 65001).
C:\Users\USER\source\repos\TermProject\TermProject\Termproject.cpp(1,1): warning C4828: 파일에 0xf9e 오프셋에서 시작하는 문자가 포함되어 있습니다. 이 문자는 현재 원본 문자 집합에서 잘못된 문자입니다(코드 페이지 65001).
C:\Users\USER\source\repos\TermProject\TermProject\Termproject.cpp(1,1): warning C4828: 파일에 0xfa0 오프셋에서 시작하는 문자가 포함되어 있습니다. 이 문자는 현재 원본 문자 집합에서 잘못된 문자입니다(코드 페이지 65001).
C:\Users\USER\source\repos\TermProject\TermProject\Termproject.cpp(1,1): warning C4828: 파일에 0xfa1 오프셋에서 시작하는 문자가 포함되어 있습니다. 이 문자는 현재 원본 문자 집합에서 잘못된 문자입니다(코드 페이지 65001).
C:\Users\USER\source\repos\TermProject\TermProject\Termproject.cpp(1,1): warning C4828: 파일에 0xfa5 오프셋에서 시작하는 문자가 포함되어 있습니다. 이 문자는 현재 원본 문자 집합에서 잘못된 문자입니다(코드 페이지 65001).
C:\Users\USER\source\repos\TermProject\TermProject\Termproject.cpp(1,1): warning C4828: 파일에 0xfa6 오프셋에서 시작하는 문자가 포함되어 있습니다. 이 문자는 현재 원본 문자 집합에서 잘못된 문자입니다(코드 페이지 65001).
C:\Users\USER\source\repos\TermProject\TermProject\Termproject.cpp(1,1): warning C4828: 파일에 0xfa8 오프셋에서 시작하는 문자가 포함되어 있습니다. 이 문자는 현재 원본 문자 집합에서 잘못된 문자입니다(코드 페이지 65001).
C:\Users\USER\source\repos\TermProject\TermProject\Termproject.cpp(1,1): warning C4828: 파일에 0xfa9 오프셋에서 시작하는 문자가 포함되어 있습니다. 이 문자는 현재 원본 문자 집합에서 잘못된 문자입니다(코드 페이지 65001).
C:\Users\USER\source\repos\TermProject\TermProject\Termproject.cpp(1,1): warning C4828: 파일에 0xfaa 오프셋에서 시작하는 문자가 포함되어 있습니다. 이 문자는 현재 원본 문자 집합에서 잘못된 문자입니다(코드 페이지 65001).
C:\Users\USER\source\repos\TermProject\TermProject\Termproject.cpp(1,1): warning C4828: 파일에 0xfab 오프셋에서 시작하는 문자가 포함되어 있습니다. 이 문자는 현재 원본 문자 집합에서 잘못된 문자입니다(코드 페이지 65001).
C:\Users\USER\source\repos\TermProject\TermProject\Termproject.cpp(1,1): warning C4828: 파일에 0x1004 오프셋에서 시작하는 문자가 포함되어 있습니다. 이 문자는 현재 원본 문자 집합에서 잘못된 문자입니다(코드 페이지 65001).
C:\Users\USER\source\repos\TermProject\TermProject\Termproject.cpp(1,1): warning C4828: 파일에 0x1007 오프셋에서 시작하는 문자가 포함되어 있습니다. 이 문자는 현재 원본 문자 집합에서 잘못된 문자입니다(코드 페이지 65001).
C:\Users\USER\source\repos\TermProject\TermProject\Termproject.cpp(1,1): warning C4828: 파일에 0x1008 오프셋에서 시작하는 문자가 포함되어 있습니다. 이 문자는 현재 원본 문자 집합에서 잘못된 문자입니다(코드 페이지 65001).
C:\Users\USER\source\repos\TermProject\TermProject\Termproject.cpp(1,1): warning C4828: 파일에 0x100f 오프셋에서 시작하는 문자가 포함되어 있습니다. 이 문자는 현재 원본 문자 집합에서 잘못된 문자입니다(코드 페이지 65001).
C:\Users\USER\source\repos\TermProject\TermProject\Termproject.cpp(1,1): warning C4828: 파일에 0x1011 오프셋에서 시작하는 문자가 포함되어 있습니다. 이 문자는 현재 원본 문자 집합에서 잘못된 문자입니다(코드 페이지 65001).
C:\Users\USER\source\repos\TermProject\TermProject\Termproject.cpp(1,1): warning C4828: 파일에 0x1013 오프셋에서 시작하는 문자가 포함되어 있습니다. 이 문자는 현재 원본 문자 집합에서 잘못된 문자입니다(코드 페이지 65001).
C:\Users\USER\source\repos\TermProject\TermProject\Termproject.cpp(1,1): warning C4828: 파일에 0x1014 오프셋에서 시작하는 문자가 포함되어 있습니다. 이 문자는 현재 원본 문자 집합에서 잘못된 문자입니다(코드 페이지 65001).
C:\Users\USER\source\repos\TermProject\TermProject\Termproject.cpp(1,1): warning C4828: 파일에 0x1031 오프셋에서 시작하는 문자가 포함되어 있습니다. 이 문자는 현재 원본 문자 집합에서 잘못된 문자입니다(코드 페이지 65001).
C:\Users\USER\source\repos\TermProject\TermProject\Termproject.cpp(1,1): warning C4828: 파일에 0x1032 오프셋에서 시작하는 문자가 포함되어 있습니다. 이 문자는 현재 원본 문자 집합에서 잘못된 문자입니다(코드 페이지 65001).
C:\Users\USER\source\repos\TermProject\TermProject\Termproject.cpp(1,1): warning C4828: 파일에 0x1034 오프셋에서 시작하는 문자가 포함되어 있습니다. 이 문자는 현재 원본 문자 집합에서 잘못된 문자입니다(코드 페이지 65001).
C:\Users\USER\source\repos\TermProject\TermProject\Termproject.cpp(1,1): warning C4828: 파일에 0x1035 오프셋에서 시작하는 문자가 포함되어 있습니다. 이 문자는 현재 원본 문자 집합에서 잘못된 문자입니다(코드 페이지 65001).
C:\Users\USER\source\repos\TermProject\TermProject\Termproject.cpp(1,1): warning C4828: 파일에 0x1038 오프셋에서 시작하는 문자가 포함되어 있습니다. 이 문자는 현재 원본 문자 집합에서 잘못된 문자입니다(코드 페이지 65001).
C:\Users\USER\source\repos\TermProject\TermProject\Termproject.cpp(1,1): warning C4828: 파일에 0x1039 오프셋에서 시작하는 문자가 포함되어 있습니다. 이 문자는 현재 원본 문자 집합에서 잘못된 문자입니다(코드 페이지 65001).
C:\Users\USER\source\repos\TermProject\TermProject\Termproject.cpp(1,1): warning C4828: 파일에 0x103b 오프셋에서 시작하는 문자가 포함되어 있습니다. 이 문자는 현재 원본 문자 집합에서 잘못된 문자입니다(코드 페이지 65001).
C:\Users\USER\source\repos\TermProject\TermProject\Termproject.cpp(1,1): warning C4828: 파일에 0x103c 오프셋에서 시작하는 문자가 포함되어 있습니다. 이 문자는 현재 원본 문자 집합에서 잘못된 문자입니다(코드 페이지 65001).
C:\Users\USER\source\repos\TermProject\TermProject\Termproject.cpp(1,1): warning C4828: 파일에 0x103d 오프셋에서 시작하는 문자가 포함되어 있습니다. 이 문자는 현재 원본 문자 집합에서 잘못된 문자입니다(코드 페이지 65001).
C:\Users\USER\source\repos\TermProject\TermProject\Termproject.cpp(1,1): warning C4828: 파일에 0x103f 오프셋에서 시작하는 문자가 포함되어 있습니다. 이 문자는 현재 원본 문자 집합에서 잘못된 문자입니다(코드 페이지 65001).
C:\Users\USER\source\repos\TermProject\TermProject\Termproject.cpp(1,1): warning C4828: 파일에 0x1040 오프셋에서 시작하는 문자가 포함되어 있습니다. 이 문자는 현재 원본 문자 집합에서 잘못된 문자입니다(코드 페이지 65001).
C:\Users\USER\source\repos\TermProject\TermProject\Termproject.cpp(1,1): warning C4828: 파일에 0x1a4e 오프셋에서 시작하는 문자가 포함되어 있습니다. 이 문자는 현재 원본 문자 집합에서 잘못된 문자입니다(코드 페이지 65001).
C:\Users\USER\source\repos\TermProject\TermProject\Termproject.cpp(1,1): warning C4828: 파일에 0x1a4f 오프셋에서 시작하는 문자가 포함되어 있습니다. 이 문자는 현재 원본 문자 집합에서 잘못된 문자입니다(코드 페이지 65001).
C:\Users\USER\source\repos\TermProject\TermProject\Termproject.cpp(1,1): warning C4828: 파일에 0x1a51 오프셋에서 시작하는 문자가 포함되어 있습니다. 이 문자는 현재 원본 문자 집합에서 잘못된 문자입니다(코드 페이지 65001).
C:\Users\USER\source\repos\TermProject\TermProject\Termproject.cpp(1,1): warning C4828: 파일에 0x1a52 오프셋에서 시작하는 문자가 포함되어 있습니다. 이 문자는 현재 원본 문자 집합에서 잘못된 문자입니다(코드 페이지 65001).
C:\Users\USER\source\repos\TermProject\TermProject\Termproject.cpp(1,1): warning C4828: 파일에 0x1a54 오프셋에서 시작하는 문자가 포함되어 있습니다. 이 문자는 현재 원본 문자 집합에서 잘못된 문자입니다(코드 페이지 65001).
C:\Users\USER\source\repos\TermProject\TermProject\Termproject.cpp(1,1): warning C4828: 파일에 0x1a5a 오프셋에서 시작하는 문자가 포함되어 있습니다. 이 문자는 현재 원본 문자 집합에서 잘못된 문자입니다(코드 페이지 65001).
C:\Users\USER\source\repos\TermProject\TermProject\Termproject.cpp(1,1): warning C4828: 파일에 0x1a5b 오프셋에서 시작하는 문자가 포함되어 있습니다. 이 문자는 현재 원본 문자 집합에서 잘못된 문자입니다(코드 페이지 65001).
C:\Users\USER\source\repos\TermProject\TermProject\Termproject.cpp(1,1): warning C4828: 파일에 0x1a5d 오프셋에서 시작하는 문자가 포함되어 있습니다. 이 문자는 현재 원본 문자 집합에서 잘못된 문자입니다(코드 페이지 65001).
C:\Users\USER\source\repos\TermProject\TermProject\Termproject.cpp(1,1): warning C4828: 파일에 0x1a5e 오프셋에서 시작하는 문자가 포함되어 있습니다. 이 문자는 현재 원본 문자 집합에서 잘못된 문자입니다(코드 페이지 65001).
C:\Users\USER\source\repos\TermProject\TermProject\Termproject.cpp(1,1): warning C4828: 파일에 0x1a5f 오프셋에서 시작하는 문자가 포함되어 있습니다. 이 문자는 현재 원본 문자 집합에서 잘못된 문자입니다(코드 페이지 65001).
C:\Users\USER\source\repos\TermProject\TermProject\Termproject.cpp(1,1): warning C4828: 파일에 0x2052 오프셋에서 시작하는 문자가 포함되어 있습니다. 이 문자는 현재 원본 문자 집합에서 잘못된 문자입니다(코드 페이지 65001).
C:\Users\USER\source\repos\TermProject\TermProject\Termproject.cpp(1,1): warning C4828: 파일에 0x2053 오프셋에서 시작하는 문자가 포함되어 있습니다. 이 문자는 현재 원본 문자 집합에서 잘못된 문자입니다(코드 페이지 65001).
C:\Users\USER\source\repos\TermProject\TermProject\Termproject.cpp(1,1): warning C4828: 파일에 0x2056 오프셋에서 시작하는 문자가 포함되어 있습니다. 이 문자는 현재 원본 문자 집합에서 잘못된 문자입니다(코드 페이지 65001).
C:\Users\USER\source\repos\TermProject\TermProject\Termproject.cpp(1,1): warning C4828: 파일에 0x2057 오프셋에서 시작하는 문자가 포함되어 있습니다. 이 문자는 현재 원본 문자 집합에서 잘못된 문자입니다(코드 페이지 65001).
C:\Users\USER\source\repos\TermProject\TermProject\Termproject.cpp(1,1): warning C4828: 파일에 0x2059 오프셋에서 시작하는 문자가 포함되어 있습니다. 이 문자는 현재 원본 문자 집합에서 잘못된 문자입니다(코드 페이지 65001).
C:\Users\USER\source\repos\TermProject\TermProject\Termproject.cpp(1,1): warning C4828: 파일에 0x205e 오프셋에서 시작하는 문자가 포함되어 있습니다. 이 문자는 현재 원본 문자 집합에서 잘못된 문자입니다(코드 페이지 65001).
C:\Users\USER\source\repos\TermProject\TermProject\Termproject.cpp(1,1): warning C4828: 파일에 0x2060 오프셋에서 시작하는 문자가 포함되어 있습니다. 이 문자는 현재 원본 문자 집합에서 잘못된 문자입니다(코드 페이지 65001).
C:\Users\USER\source\repos\TermProject\TermProject\Termproject.cpp(1,1): warning C4828: 파일에 0x2061 오프셋에서 시작하는 문자가 포함되어 있습니다. 이 문자는 현재 원본 문자 집합에서 잘못된 문자입니다(코드 페이지 65001).
C:\Users\USER\source\repos\TermProject\TermProject\Termproject.cpp(1,1): warning C4828: 파일에 0x2062 오프셋에서 시작하는 문자가 포함되어 있습니다. 이 문자는 현재 원본 문자 집합에서 잘못된 문자입니다(코드 페이지 65001).
C:\Users\USER\source\repos\TermProject\TermProject\Termproject.cpp(1,1): warning C4828: 파일에 0x2063 오프셋에서 시작하는 문자가 포함되어 있습니다. 이 문자는 현재 원본 문자 집합에서 잘못된 문자입니다(코드 페이지 65001).
C:\Users\USER\source\repos\TermProject\TermProject\Termproject.cpp(1,1): warning C4828: 파일에 0x2065 오프셋에서 시작하는 문자가 포함되어 있습니다. 이 문자는 현재 원본 문자 집합에서 잘못된 문자입니다(코드 페이지 65001).
C:\Users\USER\source\repos\TermProject\TermProject\Termproject.cpp(1,1): warning C4828: 파일에 0x2067 오프셋에서 시작하는 문자가 포함되어 있습니다. 이 문자는 현재 원본 문자 집합에서 잘못된 문자입니다(코드 페이지 65001).
C:\Users\USER\source\repos\TermProject\TermProject\Termproject.cpp(1,1): warning C4828: 파일에 0x2069 오프셋에서 시작하는 문자가 포함되어 있습니다. 이 문자는 현재 원본 문자 집합에서 잘못된 문자입니다(코드 페이지 65001).
C:\Users\USER\source\repos\TermProject\TermProject\Termproject.cpp(1,1): warning C4828: 파일에 0x206b 오프셋에서 시작하는 문자가 포함되어 있습니다. 이 문자는 현재 원본 문자 집합에서 잘못된 문자입니다(코드 페이지 65001).
C:\Users\USER\source\repos\TermProject\TermProject\Termproject.cpp(1,1): warning C4828: 파일에 0x206c 오프셋에서 시작하는 문자가 포함되어 있습니다. 이 문자는 현재 원본 문자 집합에서 잘못된 문자입니다(코드 페이지 65001).
C:\Users\USER\source\repos\TermProject\TermProject\Termproject.cpp(1,1): warning C4828: 파일에 0x2309 오프셋에서 시작하는 문자가 포함되어 있습니다. 이 문자는 현재 원본 문자 집합에서 잘못된 문자입니다(코드 페이지 65001).
C:\Users\USER\source\repos\TermProject\TermProject\Termproject.cpp(1,1): warning C4828: 파일에 0x230a 오프셋에서 시작하는 문자가 포함되어 있습니다. 이 문자는 현재 원본 문자 집합에서 잘못된 문자입니다(코드 페이지 65001).
C:\Users\USER\source\repos\TermProject\TermProject\Termproject.cpp(1,1): warning C4828: 파일에 0x230b 오프셋에서 시작하는 문자가 포함되어 있습니다. 이 문자는 현재 원본 문자 집합에서 잘못된 문자입니다(코드 페이지 65001).
C:\Users\USER\source\repos\TermProject\TermProject\Termproject.cpp(1,1): warning C4828: 파일에 0x2422 오프셋에서 시작하는 문자가 포함되어 있습니다. 이 문자는 현재 원본 문자 집합에서 잘못된 문자입니다(코드 페이지 65001).
C:\Users\USER\source\repos\TermProject\TermProject\Termproject.cpp(1,1): warning C4828: 파일에 0x2423 오프셋에서 시작하는 문자가 포함되어 있습니다. 이 문자는 현재 원본 문자 집합에서 잘못된 문자입니다(코드 페이지 65001).
C:\Users\USER\source\repos\TermProject\TermProject\Termproject.cpp(1,1): warning C4828: 파일에 0x2424 오프셋에서 시작하는 문자가 포함되어 있습니다. 이 문자는 현재 원본 문자 집합에서 잘못된 문자입니다(코드 페이지 65001).
C:\Users\USER\source\repos\TermProject\TermProject\Termproject.cpp(1,1): warning C4828: 파일에 0x251d 오프셋에서 시작하는 문자가 포함되어 있습니다. 이 문자는 현재 원본 문자 집합에서 잘못된 문자입니다(코드 페이지 65001).
C:\Users\USER\source\repos\TermProject\TermProject\Termproject.cpp(1,1): warning C4828: 파일에 0x251f 오프셋에서 시작하는 문자가 포함되어 있습니다. 이 문자는 현재 원본 문자 집합에서 잘못된 문자입니다(코드 페이지 65001).
C:\Users\USER\source\repos\TermProject\TermProject\Termproject.cpp(1,1): warning C4828: 파일에 0x2520 오프셋에서 시작하는 문자가 포함되어 있습니다. 이 문자는 현재 원본 문자 집합에서 잘못된 문자입니다(코드 페이지 65001).
C:\Users\USER\source\repos\TermProject\TermProject\Termproject.cpp(1,1): warning C4828: 파일에 0x2524 오프셋에서 시작하는 문자가 포함되어 있습니다. 이 문자는 현재 원본 문자 집합에서 잘못된 문자입니다(코드 페이지 65001).
C:\Users\USER\source\repos\TermProject\TermProject\Termproject.cpp(1,1): warning C4828: 파일에 0x2526 오프셋에서 시작하는 문자가 포함되어 있습니다. 이 문자는 현재 원본 문자 집합에서 잘못된 문자입니다(코드 페이지 65001).
C:\Users\USER\source\repos\TermProject\TermProject\Termproject.cpp(1,1): warning C4828: 파일에 0x2527 오프셋에서 시작하는 문자가 포함되어 있습니다. 이 문자는 현재 원본 문자 집합에서 잘못된 문자입니다(코드 페이지 65001).
C:\Users\USER\source\repos\TermProject\TermProject\Termproject.cpp(1,1): warning C4828: 파일에 0x252b 오프셋에서 시작하는 문자가 포함되어 있습니다. 이 문자는 현재 원본 문자 집합에서 잘못된 문자입니다(코드 페이지 65001).
C:\Users\USER\source\repos\TermProject\TermProject\Termproject.cpp(1,1): warning C4828: 파일에 0x252c 오프셋에서 시작하는 문자가 포함되어 있습니다. 이 문자는 현재 원본 문자 집합에서 잘못된 문자입니다(코드 페이지 65001).
C:\Users\USER\source\repos\TermProject\TermProject\Termproject.cpp(1,1): warning C4828: 파일에 0x252d 오프셋에서 시작하는 문자가 포함되어 있습니다. 이 문자는 현재 원본 문자 집합에서 잘못된 문자입니다(코드 페이지 65001).
C:\Users\USER\source\repos\TermProject\TermProject\Termproject.cpp(1,1): warning C4828: 파일에 0x252e 오프셋에서 시작하는 문자가 포함되어 있습니다. 이 문자는 현재 원본 문자 집합에서 잘못된 문자입니다(코드 페이지 65001).
C:\Users\USER\source\repos\TermProject\TermProject\Termproject.cpp(1,1): warning C4828: 파일에 0x2530 오프셋에서 시작하는 문자가 포함되어 있습니다. 이 문자는 현재 원본 문자 집합에서 잘못된 문자입니다(코드 페이지 65001).
C:\Users\USER\source\repos\TermProject\TermProject\Termproject.cpp(1,1): warning C4828: 파일에 0x2534 오프셋에서 시작하는 문자가 포함되어 있습니다. 이 문자는 현재 원본 문자 집합에서 잘못된 문자입니다(코드 페이지 65001).
C:\Users\USER\source\repos\TermProject\TermProject\Termproject.cpp(1,1): warning C4828: 파일에 0x2535 오프셋에서 시작하는 문자가 포함되어 있습니다. 이 문자는 현재 원본 문자 집합에서 잘못된 문자입니다(코드 페이지 65001).
C:\Users\USER\source\repos\TermProject\TermProject\Termproject.cpp(1,1): warning C4828: 파일에 0x2539 오프셋에서 시작하는 문자가 포함되어 있습니다. 이 문자는 현재 원본 문자 집합에서 잘못된 문자입니다(코드 페이지 65001).
C:\Users\USER\source\repos\TermProject\TermProject\Termproject.cpp(1,1): warning C4828: 파일에 0x253a 오프셋에서 시작하는 문자가 포함되어 있습니다. 이 문자는 현재 원본 문자 집합에서 잘못된 문자입니다(코드 페이지 65001).
C:\Users\USER\source\repos\TermProject\TermProject\Termproject.cpp(1,1): warning C4828: 파일에 0x253b 오프셋에서 시작하는 문자가 포함되어 있습니다. 이 문자는 현재 원본 문자 집합에서 잘못된 문자입니다(코드 페이지 65001).
C:\Users\USER\source\repos\TermProject\TermProject\Termproject.cpp(1,1): warning C4828: 파일에 0x253f 오프셋에서 시작하는 문자가 포함되어 있습니다. 이 문자는 현재 원본 문자 집합에서 잘못된 문자입니다(코드 페이지 65001).
C:\Users\USER\source\repos\TermProject\TermProject\Termproject.cpp(1,1): warning C4828: 파일에 0x2541 오프셋에서 시작하는 문자가 포함되어 있습니다. 이 문자는 현재 원본 문자 집합에서 잘못된 문자입니다(코드 페이지 65001).
C:\Users\USER\source\repos\TermProject\TermProject\Termproject.cpp(1,1): warning C4828: 파일에 0x2542 오프셋에서 시작하는 문자가 포함되어 있습니다. 이 문자는 현재 원본 문자 집합에서 잘못된 문자입니다(코드 페이지 65001).
C:\Users\USER\source\repos\TermProject\TermProject\Termproject.cpp(1,1): warning C4828: 파일에 0x2546 오프셋에서 시작하는 문자가 포함되어 있습니다. 이 문자는 현재 원본 문자 집합에서 잘못된 문자입니다(코드 페이지 65001).
C:\Users\USER\source\repos\TermProject\TermProject\Termproject.cpp(1,1): warning C4828: 파일에 0x2547 오프셋에서 시작하는 문자가 포함되어 있습니다. 이 문자는 현재 원본 문자 집합에서 잘못된 문자입니다(코드 페이지 65001).
C:\Users\USER\source\repos\TermProject\TermProject\Termproject.cpp(1,1): warning C4828: 파일에 0x254b 오프셋에서 시작하는 문자가 포함되어 있습니다. 이 문자는 현재 원본 문자 집합에서 잘못된 문자입니다(코드 페이지 65001).
C:\Users\USER\source\repos\TermProject\TermProject\Termproject.cpp(1,1): warning C4828: 파일에 0x254c 오프셋에서 시작하는 문자가 포함되어 있습니다. 이 문자는 현재 원본 문자 집합에서 잘못된 문자입니다(코드 페이지 65001).
C:\Users\USER\source\repos\TermProject\TermProject\Termproject.cpp(1,1): warning C4828: 파일에 0x2550 오프셋에서 시작하는 문자가 포함되어 있습니다. 이 문자는 현재 원본 문자 집합에서 잘못된 문자입니다(코드 페이지 65001).
C:\Users\USER\source\repos\TermProject\TermProject\Termproject.cpp(1,1): warning C4828: 파일에 0x2551 오프셋에서 시작하는 문자가 포함되어 있습니다. 이 문자는 현재 원본 문자 집합에서 잘못된 문자입니다(코드 페이지 65001).
C:\Users\USER\source\repos\TermProject\TermProject\Termproject.cpp(1,1): warning C4828: 파일에 0x2555 오프셋에서 시작하는 문자가 포함되어 있습니다. 이 문자는 현재 원본 문자 집합에서 잘못된 문자입니다(코드 페이지 65001).
C:\Users\USER\source\repos\TermProject\TermProject\Termproject.cpp(1,1): warning C4828: 파일에 0x2557 오프셋에서 시작하는 문자가 포함되어 있습니다. 이 문자는 현재 원본 문자 집합에서 잘못된 문자입니다(코드 페이지 65001).
C:\Users\USER\source\repos\TermProject\TermProject\Termproject.cpp(1,1): warning C4828: 파일에 0x2558 오프셋에서 시작하는 문자가 포함되어 있습니다. 이 문자는 현재 원본 문자 집합에서 잘못된 문자입니다(코드 페이지 65001).
C:\Users\USER\source\repos\TermProject\TermProject\Termproject.cpp(1,1): warning C4828: 파일에 0x255b 오프셋에서 시작하는 문자가 포함되어 있습니다. 이 문자는 현재 원본 문자 집합에서 잘못된 문자입니다(코드 페이지 65001).
C:\Users\USER\source\repos\TermProject\TermProject\Termproject.cpp(1,1): warning C4828: 파일에 0x255d 오프셋에서 시작하는 문자가 포함되어 있습니다. 이 문자는 현재 원본 문자 집합에서 잘못된 문자입니다(코드 페이지 65001).
C:\Users\USER\source\repos\TermProject\TermProject\Termproject.cpp(1,1): warning C4828: 파일에 0x255e 오프셋에서 시작하는 문자가 포함되어 있습니다. 이 문자는 현재 원본 문자 집합에서 잘못된 문자입니다(코드 페이지 65001).
C:\Users\USER\source\repos\TermProject\TermProject\Termproject.cpp(1,1): warning C4828: 파일에 0x255f 오프셋에서 시작하는 문자가 포함되어 있습니다. 이 문자는 현재 원본 문자 집합에서 잘못된 문자입니다(코드 페이지 65001).
C:\Users\USER\source\repos\TermProject\TermProject\Termproject.cpp(1,1): warning C4828: 파일에 0x2560 오프셋에서 시작하는 문자가 포함되어 있습니다. 이 문자는 현재 원본 문자 집합에서 잘못된 문자입니다(코드 페이지 65001).
C:\Users\USER\source\repos\TermProject\TermProject\Termproject.cpp(1,1): warning C4828: 파일에 0x2562 오프셋에서 시작하는 문자가 포함되어 있습니다. 이 문자는 현재 원본 문자 집합에서 잘못된 문자입니다(코드 페이지 65001).
C:\Users\USER\source\repos\TermProject\TermProject\Termproject.cpp(1,1): warning C4828: 파일에 0x2564 오프셋에서 시작하는 문자가 포함되어 있습니다. 이 문자는 현재 원본 문자 집합에서 잘못된 문자입니다(코드 페이지 65001).
C:\Users\USER\source\repos\TermProject\TermProject\Termproject.cpp(1,1): warning C4828: 파일에 0x2565 오프셋에서 시작하는 문자가 포함되어 있습니다. 이 문자는 현재 원본 문자 집합에서 잘못된 문자입니다(코드 페이지 65001).
C:\Users\USER\source\repos\TermProject\TermProject\Termproject.cpp(1,1): warning C4828: 파일에 0x261a 오프셋에서 시작하는 문자가 포함되어 있습니다. 이 문자는 현재 원본 문자 집합에서 잘못된 문자입니다(코드 페이지 65001).
C:\Users\USER\source\repos\TermProject\TermProject\Termproject.cpp(1,1): warning C4828: 파일에 0x261b 오프셋에서 시작하는 문자가 포함되어 있습니다. 이 문자는 현재 원본 문자 집합에서 잘못된 문자입니다(코드 페이지 65001).
C:\Users\USER\source\repos\TermProject\TermProject\Termproject.cpp(1,1): warning C4828: 파일에 0x261c 오프셋에서 시작하는 문자가 포함되어 있습니다. 이 문자는 현재 원본 문자 집합에서 잘못된 문자입니다(코드 페이지 65001).
C:\Users\USER\source\repos\TermProject\TermProject\Termproject.cpp(1,1): warning C4828: 파일에 0x261d 오프셋에서 시작하는 문자가 포함되어 있습니다. 이 문자는 현재 원본 문자 집합에서 잘못된 문자입니다(코드 페이지 65001).
C:\Users\USER\source\repos\TermProject\TermProject\Termproject.cpp(1,1): warning C4828: 파일에 0x2620 오프셋에서 시작하는 문자가 포함되어 있습니다. 이 문자는 현재 원본 문자 집합에서 잘못된 문자입니다(코드 페이지 65001).
C:\Users\USER\source\repos\TermProject\TermProject\Termproject.cpp(1,1): warning C4828: 파일에 0x2621 오프셋에서 시작하는 문자가 포함되어 있습니다. 이 문자는 현재 원본 문자 집합에서 잘못된 문자입니다(코드 페이지 65001).
C:\Users\USER\source\repos\TermProject\TermProject\Termproject.cpp(1,1): warning C4828: 파일에 0x2624 오프셋에서 시작하는 문자가 포함되어 있습니다. 이 문자는 현재 원본 문자 집합에서 잘못된 문자입니다(코드 페이지 65001).
C:\Users\USER\source\repos\TermProject\TermProject\Termproject.cpp(1,1): warning C4828: 파일에 0x2626 오프셋에서 시작하는 문자가 포함되어 있습니다. 이 문자는 현재 원본 문자 집합에서 잘못된 문자입니다(코드 페이지 65001).
C:\Users\USER\source\repos\TermProject\TermProject\Termproject.cpp(1,1): warning C4828: 파일에 0x2628 오프셋에서 시작하는 문자가 포함되어 있습니다. 이 문자는 현재 원본 문자 집합에서 잘못된 문자입니다(코드 페이지 65001).
C:\Users\USER\source\repos\TermProject\TermProject\Termproject.cpp(1,1): warning C4828: 파일에 0x262b 오프셋에서 시작하는 문자가 포함되어 있습니다. 이 문자는 현재 원본 문자 집합에서 잘못된 문자입니다(코드 페이지 65001).
C:\Users\USER\source\repos\TermProject\TermProject\Termproject.cpp(1,1): warning C4828: 파일에 0x262e 오프셋에서 시작하는 문자가 포함되어 있습니다. 이 문자는 현재 원본 문자 집합에서 잘못된 문자입니다(코드 페이지 65001).
C:\Users\USER\source\repos\TermProject\TermProject\Termproject.cpp(1,1): warning C4828: 파일에 0x2632 오프셋에서 시작하는 문자가 포함되어 있습니다. 이 문자는 현재 원본 문자 집합에서 잘못된 문자입니다(코드 페이지 65001).
C:\Users\USER\source\repos\TermProject\TermProject\Termproject.cpp(1,1): warning C4828: 파일에 0x2635 오프셋에서 시작하는 문자가 포함되어 있습니다. 이 문자는 현재 원본 문자 집합에서 잘못된 문자입니다(코드 페이지 65001).
C:\Users\USER\source\repos\TermProject\TermProject\Termproject.cpp(1,1): warning C4828: 파일에 0x2637 오프셋에서 시작하는 문자가 포함되어 있습니다. 이 문자는 현재 원본 문자 집합에서 잘못된 문자입니다(코드 페이지 65001).
C:\Users\USER\source\repos\TermProject\TermProject\Termproject.cpp(1,1): warning C4828: 파일에 0x263a 오프셋에서 시작하는 문자가 포함되어 있습니다. 이 문자는 현재 원본 문자 집합에서 잘못된 문자입니다(코드 페이지 65001).
C:\Users\USER\source\repos\TermProject\TermProject\Termproject.cpp(1,1): warning C4828: 파일에 0x263e 오프셋에서 시작하는 문자가 포함되어 있습니다. 이 문자는 현재 원본 문자 집합에서 잘못된 문자입니다(코드 페이지 65001).
C:\Users\USER\source\repos\TermProject\TermProject\Termproject.cpp(1,1): warning C4828: 파일에 0x263f 오프셋에서 시작하는 문자가 포함되어 있습니다. 이 문자는 현재 원본 문자 집합에서 잘못된 문자입니다(코드 페이지 65001).
C:\Users\USER\source\repos\TermProject\TermProject\Termproject.cpp(1,1): warning C4828: 파일에 0x2640 오프셋에서 시작하는 문자가 포함되어 있습니다. 이 문자는 현재 원본 문자 집합에서 잘못된 문자입니다(코드 페이지 65001).
C:\Users\USER\source\repos\TermProject\TermProject\Termproject.cpp(1,1): warning C4828: 파일에 0x2641 오프셋에서 시작하는 문자가 포함되어 있습니다. 이 문자는 현재 원본 문자 집합에서 잘못된 문자입니다(코드 페이지 65001).
C:\Users\USER\source\repos\TermProject\TermProject\Termproject.cpp(11,1): warning C4005: 'MAXBYTE': 매크로 재정의
C:\Program Files (x86)\Windows Kits\10\Include\10.0.18362.0\um\winnt.h(1189): message : 'MAXBYTE'의 이전 정의를 참조하십시오.
C:\Users\USER\source\repos\TermProject\TermProject\Termproject.cpp(50,21): warning C4018: '<': signed 또는 unsigned가 일치하지 않습니다.
C:\Users\USER\source\repos\TermProject\TermProject\Termproject.cpp(56,24): warning C4018: '<': signed 또는 unsigned가 일치하지 않습니다.
C:\Users\USER\source\repos\TermProject\TermProject\Termproject.cpp(100,25): warning C4018: '<': signed 또는 unsigned가 일치하지 않습니다.
C:\Users\USER\source\repos\TermProject\TermProject\Termproject.cpp(136,17): warning C4018: '<': signed 또는 unsigned가 일치하지 않습니다.
C:\Users\USER\source\repos\TermProject\TermProject\Termproject.cpp(178,17): warning C4018: '<': signed 또는 unsigned가 일치하지 않습니다.
C:\Users\USER\source\repos\TermProject\TermProject\Termproject.cpp(245,21): warning C4018: '<': signed 또는 unsigned가 일치하지 않습니다.
C:\Users\USER\source\repos\TermProject\TermProject\Termproject.cpp(264,21): warning C4018: '<': signed 또는 unsigned가 일치하지 않습니다.
C:\Users\USER\source\repos\TermProject\TermProject\Termproject.cpp(293,11): warning C4018: '>': signed 또는 unsigned가 일치하지 않습니다.
C:\Users\USER\source\repos\TermProject\TermProject\Termproject.cpp(357,23): warning C4018: '<': signed 또는 unsigned가 일치하지 않습니다.
C:\Users\USER\source\repos\TermProject\TermProject\Termproject.cpp(408,22): warning C4018: '<': signed 또는 unsigned가 일치하지 않습니다.
C:\Users\USER\source\repos\TermProject\TermProject\Termproject.cpp(425,13): warning C4326: 'main'의 반환 형식이 'int'이어야 하는데 'void'입니다.
  TermProject.vcxproj -> C:\Users\USER\source\repos\TermProject\Debug\TermProject.exe
